<?xml version="1.0" encoding="UTF-8" ?>
<testsuite failures="0" time="0.009" errors="0" skipped="0" tests="5" name="com.enragedginger.stephenerialization.SandwichStephenerializerIT">
  <properties>
    <property name="java.runtime.name" value="Java(TM) SE Runtime Environment"/>
    <property name="sun.boot.library.path" value="C:\Program Files\Java\jdk1.7.0_21\jre\bin"/>
    <property name="java.vm.version" value="23.21-b01"/>
    <property name="java.vm.vendor" value="Oracle Corporation"/>
    <property name="java.vendor.url" value="http://java.oracle.com/"/>
    <property name="path.separator" value=";"/>
    <property name="java.vm.name" value="Java HotSpot(TM) 64-Bit Server VM"/>
    <property name="file.encoding.pkg" value="sun.io"/>
    <property name="user.script" value=""/>
    <property name="user.country" value="US"/>
    <property name="sun.java.launcher" value="SUN_STANDARD"/>
    <property name="sun.os.patch.level" value=""/>
    <property name="java.vm.specification.name" value="Java Virtual Machine Specification"/>
    <property name="user.dir" value="E:\programming\java_workspace\Stephenerialization"/>
    <property name="java.runtime.version" value="1.7.0_21-b11"/>
    <property name="java.awt.graphicsenv" value="sun.awt.Win32GraphicsEnvironment"/>
    <property name="basedir" value="E:\programming\java_workspace\Stephenerialization"/>
    <property name="java.endorsed.dirs" value="C:\Program Files\Java\jdk1.7.0_21\jre\lib\endorsed"/>
    <property name="os.arch" value="amd64"/>
    <property name="surefire.real.class.path" value="C:\Users\Stephen\AppData\Local\Temp\surefirebooter4485659627417571457.jar"/>
    <property name="java.io.tmpdir" value="C:\Users\Stephen\AppData\Local\Temp\"/>
    <property name="line.separator" value="
"/>
    <property name="java.vm.specification.vendor" value="Oracle Corporation"/>
    <property name="user.variant" value=""/>
    <property name="os.name" value="Windows 8"/>
    <property name="sun.jnu.encoding" value="Cp1252"/>
    <property name="java.library.path" value="C:\Program Files\Java\jdk1.7.0_21\jre\bin;C:\Windows\Sun\Java\bin;C:\Windows\system32;C:\Windows;C:\Program Files (x86)\JetBrains\IntelliJ IDEA 12.1.3\bin\..\.\bin;C:\Program Files (x86)\NVIDIA Corporation\PhysX\Common;C:\Windows\system32;C:\Windows;C:\Windows\System32\Wbem;C:\Windows\System32\WindowsPowerShell\v1.0\;C:\Users\Stephen\bin\Leiningen;C:\Users\Stephen\bin\Clojure;C:\Program Files (x86)\Git\cmd;C:\Program Files (x86)\Git\bin;C:\Program Files (x86)\vim\bin;C:\Chocolatey\bin;C:\bin\apache-ant-1.8.4\bin;C:\Progra~1\Java\jdk1.7.0_21\bin;C:\bin\apache-maven-3.0.5\bin;;c:\program files (x86)\jetbrains\intellij idea 12.1.3\jre\jre\bin;."/>
    <property name="surefire.test.class.path" value="E:\programming\java_workspace\Stephenerialization\target\test-classes;E:\programming\java_workspace\Stephenerialization\target\classes;C:\Users\Stephen\.m2\repository\junit\junit\4.10\junit-4.10.jar;C:\Users\Stephen\.m2\repository\org\hamcrest\hamcrest-core\1.1\hamcrest-core-1.1.jar;C:\Users\Stephen\.m2\repository\org\easymock\easymock\3.1\easymock-3.1.jar;C:\Users\Stephen\.m2\repository\cglib\cglib-nodep\2.2.2\cglib-nodep-2.2.2.jar;C:\Users\Stephen\.m2\repository\org\objenesis\objenesis\1.2\objenesis-1.2.jar;"/>
    <property name="java.specification.name" value="Java Platform API Specification"/>
    <property name="java.class.version" value="51.0"/>
    <property name="sun.management.compiler" value="HotSpot 64-Bit Tiered Compilers"/>
    <property name="os.version" value="6.2"/>
    <property name="user.home" value="C:\Users\Stephen"/>
    <property name="user.timezone" value=""/>
    <property name="java.awt.printerjob" value="sun.awt.windows.WPrinterJob"/>
    <property name="java.specification.version" value="1.7"/>
    <property name="file.encoding" value="Cp1252"/>
    <property name="user.name" value="Stephen"/>
    <property name="java.class.path" value="E:\programming\java_workspace\Stephenerialization\target\test-classes;E:\programming\java_workspace\Stephenerialization\target\classes;C:\Users\Stephen\.m2\repository\junit\junit\4.10\junit-4.10.jar;C:\Users\Stephen\.m2\repository\org\hamcrest\hamcrest-core\1.1\hamcrest-core-1.1.jar;C:\Users\Stephen\.m2\repository\org\easymock\easymock\3.1\easymock-3.1.jar;C:\Users\Stephen\.m2\repository\cglib\cglib-nodep\2.2.2\cglib-nodep-2.2.2.jar;C:\Users\Stephen\.m2\repository\org\objenesis\objenesis\1.2\objenesis-1.2.jar;"/>
    <property name="java.vm.specification.version" value="1.7"/>
    <property name="sun.arch.data.model" value="64"/>
    <property name="java.home" value="C:\Program Files\Java\jdk1.7.0_21\jre"/>
    <property name="sun.java.command" value="C:\Users\Stephen\AppData\Local\Temp\surefirebooter4485659627417571457.jar C:\Users\Stephen\AppData\Local\Temp\surefire6927471042246922386tmp C:\Users\Stephen\AppData\Local\Temp\surefire4682643381361585563tmp"/>
    <property name="java.specification.vendor" value="Oracle Corporation"/>
    <property name="user.language" value="en"/>
    <property name="awt.toolkit" value="sun.awt.windows.WToolkit"/>
    <property name="java.vm.info" value="mixed mode"/>
    <property name="java.version" value="1.7.0_21"/>
    <property name="java.ext.dirs" value="C:\Program Files\Java\jdk1.7.0_21\jre\lib\ext;C:\Windows\Sun\Java\lib\ext"/>
    <property name="sun.boot.class.path" value="C:\Program Files\Java\jdk1.7.0_21\jre\lib\resources.jar;C:\Program Files\Java\jdk1.7.0_21\jre\lib\rt.jar;C:\Program Files\Java\jdk1.7.0_21\jre\lib\sunrsasign.jar;C:\Program Files\Java\jdk1.7.0_21\jre\lib\jsse.jar;C:\Program Files\Java\jdk1.7.0_21\jre\lib\jce.jar;C:\Program Files\Java\jdk1.7.0_21\jre\lib\charsets.jar;C:\Program Files\Java\jdk1.7.0_21\jre\lib\jfr.jar;C:\Program Files\Java\jdk1.7.0_21\jre\classes"/>
    <property name="java.vendor" value="Oracle Corporation"/>
    <property name="localRepository" value="C:\Users\Stephen\.m2\repository"/>
    <property name="file.separator" value="\"/>
    <property name="java.vendor.url.bug" value="http://bugreport.sun.com/bugreport/"/>
    <property name="sun.cpu.endian" value="little"/>
    <property name="sun.io.unicode.encoding" value="UnicodeLittle"/>
    <property name="sun.desktop" value="windows"/>
    <property name="sun.cpu.isalist" value="amd64"/>
  </properties>
  <testcase time="0.001" classname="com.enragedginger.stephenerialization.SandwichStephenerializerIT" name="readVersion20120926"/>
  <testcase time="0.002" classname="com.enragedginger.stephenerialization.SandwichStephenerializerIT" name="readWriteCurrentVersion"/>
  <testcase time="0.001" classname="com.enragedginger.stephenerialization.SandwichStephenerializerIT" name="readVersion20120928"/>
  <testcase time="0.001" classname="com.enragedginger.stephenerialization.SandwichStephenerializerIT" name="readVersion20120927"/>
  <testcase time="0.001" classname="com.enragedginger.stephenerialization.SandwichStephenerializerIT" name="readVersion20121001"/>
</testsuite>